{"/Users/resarisyan/Documents/Coding/Binar/FullStack/Chapter7/challenge/src/assets/images/img_car.png": {"path":"/Users/resarisyan/Documents/Coding/Binar/FullStack/Chapter7/challenge/src/assets/images/img_car.png","statementMap":{"0":{"start":{"line":1,"column":0},"end":{"line":1,"column":19}}},"fnMap":{},"branchMap":{},"s":{"0":1},"f":{},"b":{},"_coverageSchema":"1a1c01bbd47fc00a2c39e90264f33305004495a9","hash":"a24f262ac2f4d6165c2f37629d279253fd920e98"}
,"/Users/resarisyan/Documents/Coding/Binar/FullStack/Chapter7/challenge/src/components/elements/Loading.tsx": {"path":"/Users/resarisyan/Documents/Coding/Binar/FullStack/Chapter7/challenge/src/components/elements/Loading.tsx","statementMap":{"0":{"start":{"line":5,"column":16},"end":{"line":14,"column":1}},"1":{"start":{"line":6,"column":2},"end":{"line":13,"column":4}},"2":{"start":{"line":15,"column":0},"end":{"line":15,"column":23}}},"fnMap":{"0":{"name":"(anonymous_0)","decl":{"start":{"line":5,"column":16},"end":{"line":5,"column":17}},"loc":{"start":{"line":5,"column":49},"end":{"line":14,"column":1}}}},"branchMap":{},"s":{"0":2,"1":2,"2":2},"f":{"0":2},"b":{}}
,"/Users/resarisyan/Documents/Coding/Binar/FullStack/Chapter7/challenge/src/components/fragments/ConfirmModal.tsx": {"path":"/Users/resarisyan/Documents/Coding/Binar/FullStack/Chapter7/challenge/src/components/fragments/ConfirmModal.tsx","statementMap":{"0":{"start":{"line":1,"column":0},"end":{"line":1,"column":60}},"1":{"start":{"line":2,"column":0},"end":{"line":2,"column":42}},"2":{"start":{"line":9,"column":21},"end":{"line":37,"column":1}},"3":{"start":{"line":10,"column":2},"end":{"line":36,"column":4}},"4":{"start":{"line":39,"column":0},"end":{"line":39,"column":28}}},"fnMap":{"0":{"name":"(anonymous_0)","decl":{"start":{"line":9,"column":21},"end":{"line":9,"column":22}},"loc":{"start":{"line":9,"column":76},"end":{"line":37,"column":1}}}},"branchMap":{"0":{"loc":{"start":{"line":27,"column":15},"end":{"line":27,"column":54}},"type":"cond-expr","locations":[{"start":{"line":27,"column":25},"end":{"line":27,"column":46}},{"start":{"line":27,"column":49},"end":{"line":27,"column":54}}]}},"s":{"0":1,"1":1,"2":1,"3":5,"4":1},"f":{"0":5},"b":{"0":[1,4]}}
,"/Users/resarisyan/Documents/Coding/Binar/FullStack/Chapter7/challenge/src/components/fragments/Dashboard/Navbar.tsx": {"path":"/Users/resarisyan/Documents/Coding/Binar/FullStack/Chapter7/challenge/src/components/fragments/Dashboard/Navbar.tsx","statementMap":{"0":{"start":{"line":3,"column":25},"end":{"line":26,"column":1}},"1":{"start":{"line":4,"column":2},"end":{"line":25,"column":4}},"2":{"start":{"line":28,"column":0},"end":{"line":28,"column":22}}},"fnMap":{"0":{"name":"(anonymous_0)","decl":{"start":{"line":3,"column":25},"end":{"line":3,"column":28}},"loc":{"start":{"line":3,"column":30},"end":{"line":26,"column":1}}}},"branchMap":{},"s":{"0":1,"1":5,"2":1},"f":{"0":5},"b":{}}
,"/Users/resarisyan/Documents/Coding/Binar/FullStack/Chapter7/challenge/src/components/fragments/Home/Footer.tsx": {"path":"/Users/resarisyan/Documents/Coding/Binar/FullStack/Chapter7/challenge/src/components/fragments/Home/Footer.tsx","statementMap":{"0":{"start":{"line":2,"column":0},"end":{"line":2,"column":51}},"1":{"start":{"line":6,"column":38},"end":{"line":88,"column":1}},"2":{"start":{"line":7,"column":2},"end":{"line":87,"column":4}},"3":{"start":{"line":90,"column":0},"end":{"line":90,"column":22}}},"fnMap":{"0":{"name":"(anonymous_0)","decl":{"start":{"line":6,"column":38},"end":{"line":6,"column":41}},"loc":{"start":{"line":6,"column":43},"end":{"line":88,"column":1}}}},"branchMap":{},"s":{"0":1,"1":1,"2":4,"3":1},"f":{"0":4},"b":{}}
,"/Users/resarisyan/Documents/Coding/Binar/FullStack/Chapter7/challenge/src/components/fragments/Home/Hero.tsx": {"path":"/Users/resarisyan/Documents/Coding/Binar/FullStack/Chapter7/challenge/src/components/fragments/Home/Hero.tsx","statementMap":{"0":{"start":{"line":2,"column":0},"end":{"line":2,"column":40}},"1":{"start":{"line":3,"column":0},"end":{"line":3,"column":58}},"2":{"start":{"line":7,"column":34},"end":{"line":37,"column":1}},"3":{"start":{"line":8,"column":2},"end":{"line":36,"column":4}},"4":{"start":{"line":39,"column":0},"end":{"line":39,"column":20}}},"fnMap":{"0":{"name":"(anonymous_0)","decl":{"start":{"line":7,"column":34},"end":{"line":7,"column":37}},"loc":{"start":{"line":7,"column":39},"end":{"line":37,"column":1}}}},"branchMap":{},"s":{"0":1,"1":1,"2":1,"3":4,"4":1},"f":{"0":4},"b":{}}
}
