TN:
SF:src/assets/images/img_car.png
FNF:0
FNH:0
DA:1,1
LF:1
LH:1
BRF:0
BRH:0
end_of_record
TN:
SF:src/components/elements/Loading.tsx
FN:5,(anonymous_0)
FNF:1
FNH:1
FNDA:2,(anonymous_0)
DA:5,2
DA:6,2
DA:15,2
LF:3
LH:3
BRF:0
BRH:0
end_of_record
TN:
SF:src/components/fragments/ConfirmModal.tsx
FN:9,(anonymous_0)
FNF:1
FNH:1
FNDA:5,(anonymous_0)
DA:1,1
DA:2,1
DA:9,1
DA:10,5
DA:39,1
LF:5
LH:5
BRDA:27,0,0,1
BRDA:27,0,1,4
BRF:2
BRH:2
end_of_record
TN:
SF:src/components/fragments/Dashboard/Navbar.tsx
FN:3,(anonymous_0)
FNF:1
FNH:1
FNDA:5,(anonymous_0)
DA:3,1
DA:4,5
DA:28,1
LF:3
LH:3
BRF:0
BRH:0
end_of_record
TN:
SF:src/components/fragments/Home/Footer.tsx
FN:6,(anonymous_0)
FNF:1
FNH:1
FNDA:4,(anonymous_0)
DA:2,1
DA:6,1
DA:7,4
DA:90,1
LF:4
LH:4
BRF:0
BRH:0
end_of_record
TN:
SF:src/components/fragments/Home/Hero.tsx
FN:7,(anonymous_0)
FNF:1
FNH:1
FNDA:4,(anonymous_0)
DA:2,1
DA:3,1
DA:7,1
DA:8,4
DA:39,1
LF:5
LH:5
BRF:0
BRH:0
end_of_record
